select * from city; #09:14:48@rubyquest.db
select * from region; #09:15:19@rubyquest.db
select * from city; #09:15:29@rubyquest.db
select * from region; #09:15:40@rubyquest.db
select * from city; #09:15:47@rubyquest.db
select * from region; #09:16:17@rubyquest.db
select * from city; #09:16:25@rubyquest.db
select region from city; #09:16:47@rubyquest.db
select region from city where id = 5; #09:17:02@rubyquest.db
select region from city where id = 6; #09:17:25@rubyquest.db
select region from city where id = 6; #09:17:26@rubyquest.db
select region from city where id = 6; #09:17:26@rubyquest.db
select region from city where id = 6; #09:17:27@rubyquest.db
select region from city where id = 6; #09:17:27@rubyquest.db
select region from city where id = 6; #09:17:27@rubyquest.db
select region from city where id = 6; #09:17:27@rubyquest.db
select region from city where id = 6; #09:17:27@rubyquest.db
select * from city where region = 5; #09:18:04@rubyquest.db
select count(*) from city where region = 5; #09:18:44@rubyquest.db
select count(*) as aantal_steden from city where region = 5; #09:19:23@rubyquest.db
SELECT COUNT(*) AS aantal_steden
FROM city
INNER JOIN region ON city.id = city.id
WHERE region.id = 5;
; #09:22:42@rubyquest.db
select * from city; #09:24:22@rubyquest.db
SELECT COUNT(*) AS aantal_steden
FROM city
INNER JOIN region ON city.region = city.region
WHERE region.id = 5;

; #09:24:58@rubyquest.db
select * from city; #09:25:29@rubyquest.db
select * from region; #09:26:21@rubyquest.db
select * from region; #09:26:35@rubyquest.db
select * from city; #09:26:41@rubyquest.db
SELECT COUNT(city.id) as aantal_steden
FROM city
INNER JOIN region ON city.region = region.id
WHERE region.id = 5;
; #09:26:55@rubyquest.db
SELECT COUNT(city.id) as aantal_steden
FROM city
JOIN region ON city.region = region.id
WHERE region.id = 5;
; #09:30:40@rubyquest.db
create table product(
id integer primary key,
naam varchar(25),
soort integerp,
prijs real,
prijs_10 real,
allergenen varchar(50)
); #09:50:44@oliebollenkraam.db
INSERT INTO product (naam ,soort ,prijs , prijs_10 , allergenen) VALUES ('oliebolle' , 2 , 1.5 , 13.0 , 'Gluten, Eggs'); #10:00:53@oliebollenkraam.db
INSERT INTO product (naam ,soort ,prijs , prijs_10 , allergenen) VALUES ('oliebollen' , 2 , 1.5 , 13.0 , 'Gluten, Eggs'); #10:01:23@oliebollenkraam.db
INSERT INTO product (naam ,soort ,prijs , prijs_10 , allergenen) VALUES ('Oliebollen' , 2 , 1.5 , 13.0 , 'Gluten, Eggs'); #10:01:31@oliebollenkraam.db
select * from product; #10:02:29@oliebollenkraam.db
INSERT INTO product (naam ,soort ,prijs , prijs_10 , allergenen)
VALUES ('Appelflap' , 4 , .50 , 8.00 , 'Gluten, Eggs')
; #10:04:03@oliebollenkraam.db
select * from product; #10:04:13@oliebollenkraam.db
delete from product where id in(1,2); #10:11:33@oliebollenkraam.db
select * from product; #10:11:54@oliebollenkraam.db
