select * from teachers where id = 1; #09:11:50@dvc-sd.db
select * from teachers where not id = 1; #09:12:23@dvc-sd.db
select * from quest; #09:19:29@rubyquest.db
select * from quest where experience > 3000; #09:19:46@rubyquest.db
select * from person; #09:20:52@rubyquest.db
select * from person where gold > 1800; #09:22:21@rubyquest.db
select * from person where gold > 1800; #09:22:37@rubyquest.db
select * from person where gold > 1800; #09:22:38@rubyquest.db
select * from person where gold > 1800; #09:22:38@rubyquest.db
select * from person where gold > 1800; #09:23:24@rubyquest.db
select * from person where gold < 1850; #09:25:06@rubyquest.db
select * from weapon; #09:26:10@rubyquest.db
select * from weapon where price < 300; #09:27:43@rubyquest.db
select * from creature; #09:28:26@rubyquest.db
select * from creature where max_health > health; #09:30:40@rubyquest.db
select * from animal; #09:31:38@rubyquest.db
select * from animal where not 'Sheep'; #09:32:34@rubyquest.db
select * from animal where not type = 'Sheep'; #09:34:13@rubyquest.db
select * from quest; #09:35:26@rubyquest.db
select * from quest where experience < gold; #09:36:16@rubyquest.db
select * from person; #09:40:27@rubyquest.db
select * from person order by name; #09:41:01@rubyquest.db
select * from city; #09:42:59@rubyquest.db
select * from city order by name desc; #09:43:13@rubyquest.db
select * from person
limit 10;; #09:46:08@rubyquest.db
select * from weapon; #09:48:32@rubyquest.db
select * from weapon order by price desc; #09:48:49@rubyquest.db
select * from weapon order by price desc
limit 5;; #09:49:00@rubyquest.db
select * from weapon order by attack
limit 3;; #09:49:27@rubyquest.db
select * from weapon order by attack desc
limit 3;; #09:49:39@rubyquest.db
select * from animal; #09:50:07@rubyquest.db
select distinct type from animal; #09:51:41@rubyquest.db
select * from npc; #09:52:05@rubyquest.db
select distinct profession from npc; #09:52:40@rubyquest.db
